<?xml version="1.0" encoding="UTF-8"?>
<testng-results ignored="0" total="20" passed="18" failed="2" skipped="0">
  <reporter-output>
  </reporter-output>
  <suite started-at="2023-04-23T21:40:59 IST" name="Surefire suite" finished-at="2023-04-23T21:42:11 IST" duration-ms="71719">
    <groups>
    </groups>
    <test started-at="2023-04-23T21:40:59 IST" name="Surefire test" finished-at="2023-04-23T21:42:11 IST" duration-ms="71719">
      <class name="rsa_Tests.DataDrivenTest">
        <test-method is-config="true" signature="returnloginpage()[pri:0, instance:rsa_Tests.DataDrivenTest@5e0826e7]" started-at="2023-04-23T21:41:10 IST" name="returnloginpage" finished-at="2023-04-23T21:41:13 IST" duration-ms="2307" status="PASS">
          <reporter-output>
          </reporter-output>
        </test-method> <!-- returnloginpage -->
        <test-method signature="loginTest(java.lang.String,java.lang.String,java.lang.String,java.lang.String,java.lang.String,java.lang.String,java.lang.String)[pri:0, instance:rsa_Tests.DataDrivenTest@5e0826e7]" started-at="2023-04-23T21:41:13 IST" name="loginTest" data-provider="LoginData" finished-at="2023-04-23T21:41:14 IST" duration-ms="1048" status="PASS">
          <params>
            <param index="0">
              <value>
                <![CDATA[]]>
              </value>
            </param>
            <param index="1">
              <value>
                <![CDATA[Tendulkar]]>
              </value>
            </param>
            <param index="2">
              <value>
                <![CDATA[st@bccci.com]]>
              </value>
            </param>
            <param index="3">
              <value>
                <![CDATA[4875457845]]>
              </value>
            </param>
            <param index="4">
              <value>
                <![CDATA[Sachin@123]]>
              </value>
            </param>
            <param index="5">
              <value>
                <![CDATA[Sachin@123]]>
              </value>
            </param>
            <param index="6">
              <value>
                <![CDATA[]]>
              </value>
            </param>
          </params>
          <reporter-output>
          </reporter-output>
        </test-method> <!-- loginTest -->
        <test-method is-config="true" signature="tearDown()[pri:0, instance:rsa_Tests.DataDrivenTest@5e0826e7]" started-at="2023-04-23T21:41:14 IST" name="tearDown" finished-at="2023-04-23T21:41:14 IST" duration-ms="88" status="PASS">
          <reporter-output>
          </reporter-output>
        </test-method> <!-- tearDown -->
        <test-method is-config="true" signature="returnloginpage()[pri:0, instance:rsa_Tests.DataDrivenTest@5e0826e7]" started-at="2023-04-23T21:41:14 IST" name="returnloginpage" finished-at="2023-04-23T21:41:15 IST" duration-ms="1386" status="PASS">
          <reporter-output>
          </reporter-output>
        </test-method> <!-- returnloginpage -->
        <test-method signature="loginTest(java.lang.String,java.lang.String,java.lang.String,java.lang.String,java.lang.String,java.lang.String,java.lang.String)[pri:0, instance:rsa_Tests.DataDrivenTest@5e0826e7]" started-at="2023-04-23T21:41:15 IST" name="loginTest" data-provider="LoginData" finished-at="2023-04-23T21:41:16 IST" duration-ms="894" status="PASS">
          <params>
            <param index="0">
              <value>
                <![CDATA[Sa]]>
              </value>
            </param>
            <param index="1">
              <value>
                <![CDATA[Tendulkar]]>
              </value>
            </param>
            <param index="2">
              <value>
                <![CDATA[st@bccci.com]]>
              </value>
            </param>
            <param index="3">
              <value>
                <![CDATA[4875457845]]>
              </value>
            </param>
            <param index="4">
              <value>
                <![CDATA[Sachin@123]]>
              </value>
            </param>
            <param index="5">
              <value>
                <![CDATA[Sachin@123]]>
              </value>
            </param>
            <param index="6">
              <value>
                <![CDATA[]]>
              </value>
            </param>
          </params>
          <reporter-output>
          </reporter-output>
        </test-method> <!-- loginTest -->
        <test-method is-config="true" signature="tearDown()[pri:0, instance:rsa_Tests.DataDrivenTest@5e0826e7]" started-at="2023-04-23T21:41:16 IST" name="tearDown" finished-at="2023-04-23T21:41:16 IST" duration-ms="80" status="PASS">
          <reporter-output>
          </reporter-output>
        </test-method> <!-- tearDown -->
        <test-method is-config="true" signature="returnloginpage()[pri:0, instance:rsa_Tests.DataDrivenTest@5e0826e7]" started-at="2023-04-23T21:41:16 IST" name="returnloginpage" finished-at="2023-04-23T21:41:17 IST" duration-ms="1324" status="PASS">
          <reporter-output>
          </reporter-output>
        </test-method> <!-- returnloginpage -->
        <test-method signature="loginTest(java.lang.String,java.lang.String,java.lang.String,java.lang.String,java.lang.String,java.lang.String,java.lang.String)[pri:0, instance:rsa_Tests.DataDrivenTest@5e0826e7]" started-at="2023-04-23T21:41:17 IST" name="loginTest" data-provider="LoginData" finished-at="2023-04-23T21:41:18 IST" duration-ms="889" status="PASS">
          <params>
            <param index="0">
              <value>
                <![CDATA[Sachin]]>
              </value>
            </param>
            <param index="1">
              <value>
                <![CDATA[]]>
              </value>
            </param>
            <param index="2">
              <value>
                <![CDATA[st@bccci.com]]>
              </value>
            </param>
            <param index="3">
              <value>
                <![CDATA[4875457845]]>
              </value>
            </param>
            <param index="4">
              <value>
                <![CDATA[Sachin@124]]>
              </value>
            </param>
            <param index="5">
              <value>
                <![CDATA[Sachin@124]]>
              </value>
            </param>
            <param index="6">
              <value>
                <![CDATA[]]>
              </value>
            </param>
          </params>
          <reporter-output>
          </reporter-output>
        </test-method> <!-- loginTest -->
        <test-method is-config="true" signature="tearDown()[pri:0, instance:rsa_Tests.DataDrivenTest@5e0826e7]" started-at="2023-04-23T21:41:18 IST" name="tearDown" finished-at="2023-04-23T21:41:18 IST" duration-ms="72" status="PASS">
          <reporter-output>
          </reporter-output>
        </test-method> <!-- tearDown -->
        <test-method is-config="true" signature="returnloginpage()[pri:0, instance:rsa_Tests.DataDrivenTest@5e0826e7]" started-at="2023-04-23T21:41:18 IST" name="returnloginpage" finished-at="2023-04-23T21:41:21 IST" duration-ms="2476" status="PASS">
          <reporter-output>
          </reporter-output>
        </test-method> <!-- returnloginpage -->
        <test-method signature="loginTest(java.lang.String,java.lang.String,java.lang.String,java.lang.String,java.lang.String,java.lang.String,java.lang.String)[pri:0, instance:rsa_Tests.DataDrivenTest@5e0826e7]" started-at="2023-04-23T21:41:21 IST" name="loginTest" data-provider="LoginData" finished-at="2023-04-23T21:41:22 IST" duration-ms="932" status="PASS">
          <params>
            <param index="0">
              <value>
                <![CDATA[Sachin]]>
              </value>
            </param>
            <param index="1">
              <value>
                <![CDATA[12]]>
              </value>
            </param>
            <param index="2">
              <value>
                <![CDATA[st@bccci.com]]>
              </value>
            </param>
            <param index="3">
              <value>
                <![CDATA[4875457845]]>
              </value>
            </param>
            <param index="4">
              <value>
                <![CDATA[Sachin@124]]>
              </value>
            </param>
            <param index="5">
              <value>
                <![CDATA[Sachin@124]]>
              </value>
            </param>
            <param index="6">
              <value>
                <![CDATA[]]>
              </value>
            </param>
          </params>
          <reporter-output>
          </reporter-output>
        </test-method> <!-- loginTest -->
        <test-method is-config="true" signature="tearDown()[pri:0, instance:rsa_Tests.DataDrivenTest@5e0826e7]" started-at="2023-04-23T21:41:22 IST" name="tearDown" finished-at="2023-04-23T21:41:22 IST" duration-ms="76" status="PASS">
          <reporter-output>
          </reporter-output>
        </test-method> <!-- tearDown -->
        <test-method is-config="true" signature="returnloginpage()[pri:0, instance:rsa_Tests.DataDrivenTest@5e0826e7]" started-at="2023-04-23T21:41:22 IST" name="returnloginpage" finished-at="2023-04-23T21:41:23 IST" duration-ms="1250" status="PASS">
          <reporter-output>
          </reporter-output>
        </test-method> <!-- returnloginpage -->
        <test-method signature="loginTest(java.lang.String,java.lang.String,java.lang.String,java.lang.String,java.lang.String,java.lang.String,java.lang.String)[pri:0, instance:rsa_Tests.DataDrivenTest@5e0826e7]" started-at="2023-04-23T21:41:23 IST" name="loginTest" data-provider="LoginData" finished-at="2023-04-23T21:41:24 IST" duration-ms="856" status="PASS">
          <params>
            <param index="0">
              <value>
                <![CDATA[Sachin]]>
              </value>
            </param>
            <param index="1">
              <value>
                <![CDATA[Tendulkar]]>
              </value>
            </param>
            <param index="2">
              <value>
                <![CDATA[]]>
              </value>
            </param>
            <param index="3">
              <value>
                <![CDATA[4875457845]]>
              </value>
            </param>
            <param index="4">
              <value>
                <![CDATA[Sachin@125]]>
              </value>
            </param>
            <param index="5">
              <value>
                <![CDATA[Sachin@125]]>
              </value>
            </param>
            <param index="6">
              <value>
                <![CDATA[]]>
              </value>
            </param>
          </params>
          <reporter-output>
          </reporter-output>
        </test-method> <!-- loginTest -->
        <test-method is-config="true" signature="tearDown()[pri:0, instance:rsa_Tests.DataDrivenTest@5e0826e7]" started-at="2023-04-23T21:41:24 IST" name="tearDown" finished-at="2023-04-23T21:41:24 IST" duration-ms="79" status="PASS">
          <reporter-output>
          </reporter-output>
        </test-method> <!-- tearDown -->
        <test-method is-config="true" signature="returnloginpage()[pri:0, instance:rsa_Tests.DataDrivenTest@5e0826e7]" started-at="2023-04-23T21:41:24 IST" name="returnloginpage" finished-at="2023-04-23T21:41:25 IST" duration-ms="1392" status="PASS">
          <reporter-output>
          </reporter-output>
        </test-method> <!-- returnloginpage -->
        <test-method signature="loginTest(java.lang.String,java.lang.String,java.lang.String,java.lang.String,java.lang.String,java.lang.String,java.lang.String)[pri:0, instance:rsa_Tests.DataDrivenTest@5e0826e7]" started-at="2023-04-23T21:41:25 IST" name="loginTest" data-provider="LoginData" finished-at="2023-04-23T21:41:26 IST" duration-ms="866" status="PASS">
          <params>
            <param index="0">
              <value>
                <![CDATA[Sachin]]>
              </value>
            </param>
            <param index="1">
              <value>
                <![CDATA[Tendulkar]]>
              </value>
            </param>
            <param index="2">
              <value>
                <![CDATA[gfggfgfg]]>
              </value>
            </param>
            <param index="3">
              <value>
                <![CDATA[4875457845]]>
              </value>
            </param>
            <param index="4">
              <value>
                <![CDATA[Sachin@125]]>
              </value>
            </param>
            <param index="5">
              <value>
                <![CDATA[Sachin@125]]>
              </value>
            </param>
            <param index="6">
              <value>
                <![CDATA[]]>
              </value>
            </param>
          </params>
          <reporter-output>
          </reporter-output>
        </test-method> <!-- loginTest -->
        <test-method is-config="true" signature="tearDown()[pri:0, instance:rsa_Tests.DataDrivenTest@5e0826e7]" started-at="2023-04-23T21:41:26 IST" name="tearDown" finished-at="2023-04-23T21:41:26 IST" duration-ms="83" status="PASS">
          <reporter-output>
          </reporter-output>
        </test-method> <!-- tearDown -->
        <test-method is-config="true" signature="returnloginpage()[pri:0, instance:rsa_Tests.DataDrivenTest@5e0826e7]" started-at="2023-04-23T21:41:26 IST" name="returnloginpage" finished-at="2023-04-23T21:41:28 IST" duration-ms="1239" status="PASS">
          <reporter-output>
          </reporter-output>
        </test-method> <!-- returnloginpage -->
        <test-method signature="loginTest(java.lang.String,java.lang.String,java.lang.String,java.lang.String,java.lang.String,java.lang.String,java.lang.String)[pri:0, instance:rsa_Tests.DataDrivenTest@5e0826e7]" started-at="2023-04-23T21:41:28 IST" name="loginTest" data-provider="LoginData" finished-at="2023-04-23T21:41:28 IST" duration-ms="821" status="PASS">
          <params>
            <param index="0">
              <value>
                <![CDATA[Sachin]]>
              </value>
            </param>
            <param index="1">
              <value>
                <![CDATA[Tendulkar]]>
              </value>
            </param>
            <param index="2">
              <value>
                <![CDATA[st@bccci.com]]>
              </value>
            </param>
            <param index="3">
              <value>
                <![CDATA[]]>
              </value>
            </param>
            <param index="4">
              <value>
                <![CDATA[Sachin@126]]>
              </value>
            </param>
            <param index="5">
              <value>
                <![CDATA[Sachin@126]]>
              </value>
            </param>
            <param index="6">
              <value>
                <![CDATA[]]>
              </value>
            </param>
          </params>
          <reporter-output>
          </reporter-output>
        </test-method> <!-- loginTest -->
        <test-method is-config="true" signature="tearDown()[pri:0, instance:rsa_Tests.DataDrivenTest@5e0826e7]" started-at="2023-04-23T21:41:28 IST" name="tearDown" finished-at="2023-04-23T21:41:28 IST" duration-ms="74" status="PASS">
          <reporter-output>
          </reporter-output>
        </test-method> <!-- tearDown -->
        <test-method is-config="true" signature="returnloginpage()[pri:0, instance:rsa_Tests.DataDrivenTest@5e0826e7]" started-at="2023-04-23T21:41:28 IST" name="returnloginpage" finished-at="2023-04-23T21:41:31 IST" duration-ms="2587" status="PASS">
          <reporter-output>
          </reporter-output>
        </test-method> <!-- returnloginpage -->
        <test-method signature="loginTest(java.lang.String,java.lang.String,java.lang.String,java.lang.String,java.lang.String,java.lang.String,java.lang.String)[pri:0, instance:rsa_Tests.DataDrivenTest@5e0826e7]" started-at="2023-04-23T21:41:31 IST" name="loginTest" data-provider="LoginData" finished-at="2023-04-23T21:41:32 IST" duration-ms="889" status="PASS">
          <params>
            <param index="0">
              <value>
                <![CDATA[Sachin]]>
              </value>
            </param>
            <param index="1">
              <value>
                <![CDATA[Tendulkar]]>
              </value>
            </param>
            <param index="2">
              <value>
                <![CDATA[st@bccci.com]]>
              </value>
            </param>
            <param index="3">
              <value>
                <![CDATA[ddddd57845]]>
              </value>
            </param>
            <param index="4">
              <value>
                <![CDATA[Sachin@123]]>
              </value>
            </param>
            <param index="5">
              <value>
                <![CDATA[Sachin@123]]>
              </value>
            </param>
            <param index="6">
              <value>
                <![CDATA[]]>
              </value>
            </param>
          </params>
          <reporter-output>
          </reporter-output>
        </test-method> <!-- loginTest -->
        <test-method is-config="true" signature="tearDown()[pri:0, instance:rsa_Tests.DataDrivenTest@5e0826e7]" started-at="2023-04-23T21:41:32 IST" name="tearDown" finished-at="2023-04-23T21:41:32 IST" duration-ms="100" status="PASS">
          <reporter-output>
          </reporter-output>
        </test-method> <!-- tearDown -->
        <test-method is-config="true" signature="returnloginpage()[pri:0, instance:rsa_Tests.DataDrivenTest@5e0826e7]" started-at="2023-04-23T21:41:32 IST" name="returnloginpage" finished-at="2023-04-23T21:41:33 IST" duration-ms="1295" status="PASS">
          <reporter-output>
          </reporter-output>
        </test-method> <!-- returnloginpage -->
        <test-method signature="loginTest(java.lang.String,java.lang.String,java.lang.String,java.lang.String,java.lang.String,java.lang.String,java.lang.String)[pri:0, instance:rsa_Tests.DataDrivenTest@5e0826e7]" started-at="2023-04-23T21:41:33 IST" name="loginTest" data-provider="LoginData" finished-at="2023-04-23T21:41:34 IST" duration-ms="830" status="PASS">
          <params>
            <param index="0">
              <value>
                <![CDATA[Sachin]]>
              </value>
            </param>
            <param index="1">
              <value>
                <![CDATA[Tendulkar]]>
              </value>
            </param>
            <param index="2">
              <value>
                <![CDATA[st@bccci.com]]>
              </value>
            </param>
            <param index="3">
              <value>
                <![CDATA[ghghgfhgh]]>
              </value>
            </param>
            <param index="4">
              <value>
                <![CDATA[Sachin@123]]>
              </value>
            </param>
            <param index="5">
              <value>
                <![CDATA[Sachin@123]]>
              </value>
            </param>
            <param index="6">
              <value>
                <![CDATA[]]>
              </value>
            </param>
          </params>
          <reporter-output>
          </reporter-output>
        </test-method> <!-- loginTest -->
        <test-method is-config="true" signature="tearDown()[pri:0, instance:rsa_Tests.DataDrivenTest@5e0826e7]" started-at="2023-04-23T21:41:34 IST" name="tearDown" finished-at="2023-04-23T21:41:34 IST" duration-ms="74" status="PASS">
          <reporter-output>
          </reporter-output>
        </test-method> <!-- tearDown -->
        <test-method is-config="true" signature="returnloginpage()[pri:0, instance:rsa_Tests.DataDrivenTest@5e0826e7]" started-at="2023-04-23T21:41:34 IST" name="returnloginpage" finished-at="2023-04-23T21:41:37 IST" duration-ms="2396" status="PASS">
          <reporter-output>
          </reporter-output>
        </test-method> <!-- returnloginpage -->
        <test-method signature="loginTest(java.lang.String,java.lang.String,java.lang.String,java.lang.String,java.lang.String,java.lang.String,java.lang.String)[pri:0, instance:rsa_Tests.DataDrivenTest@5e0826e7]" started-at="2023-04-23T21:41:37 IST" name="loginTest" data-provider="LoginData" finished-at="2023-04-23T21:41:38 IST" duration-ms="865" status="PASS">
          <params>
            <param index="0">
              <value>
                <![CDATA[Sachin]]>
              </value>
            </param>
            <param index="1">
              <value>
                <![CDATA[Tendulkar]]>
              </value>
            </param>
            <param index="2">
              <value>
                <![CDATA[st@bccci.com]]>
              </value>
            </param>
            <param index="3">
              <value>
                <![CDATA[48754578451]]>
              </value>
            </param>
            <param index="4">
              <value>
                <![CDATA[Sachin@126]]>
              </value>
            </param>
            <param index="5">
              <value>
                <![CDATA[Sachin@126]]>
              </value>
            </param>
            <param index="6">
              <value>
                <![CDATA[]]>
              </value>
            </param>
          </params>
          <reporter-output>
          </reporter-output>
        </test-method> <!-- loginTest -->
        <test-method is-config="true" signature="tearDown()[pri:0, instance:rsa_Tests.DataDrivenTest@5e0826e7]" started-at="2023-04-23T21:41:38 IST" name="tearDown" finished-at="2023-04-23T21:41:38 IST" duration-ms="83" status="PASS">
          <reporter-output>
          </reporter-output>
        </test-method> <!-- tearDown -->
        <test-method is-config="true" signature="returnloginpage()[pri:0, instance:rsa_Tests.DataDrivenTest@5e0826e7]" started-at="2023-04-23T21:41:38 IST" name="returnloginpage" finished-at="2023-04-23T21:41:39 IST" duration-ms="1234" status="PASS">
          <reporter-output>
          </reporter-output>
        </test-method> <!-- returnloginpage -->
        <test-method signature="loginTest(java.lang.String,java.lang.String,java.lang.String,java.lang.String,java.lang.String,java.lang.String,java.lang.String)[pri:0, instance:rsa_Tests.DataDrivenTest@5e0826e7]" started-at="2023-04-23T21:41:39 IST" name="loginTest" data-provider="LoginData" finished-at="2023-04-23T21:41:40 IST" duration-ms="843" status="PASS">
          <params>
            <param index="0">
              <value>
                <![CDATA[Sachin]]>
              </value>
            </param>
            <param index="1">
              <value>
                <![CDATA[Tendulkar]]>
              </value>
            </param>
            <param index="2">
              <value>
                <![CDATA[st@bccci.com]]>
              </value>
            </param>
            <param index="3">
              <value>
                <![CDATA[123]]>
              </value>
            </param>
            <param index="4">
              <value>
                <![CDATA[Sachin@126]]>
              </value>
            </param>
            <param index="5">
              <value>
                <![CDATA[Sachin@126]]>
              </value>
            </param>
            <param index="6">
              <value>
                <![CDATA[]]>
              </value>
            </param>
          </params>
          <reporter-output>
          </reporter-output>
        </test-method> <!-- loginTest -->
        <test-method is-config="true" signature="tearDown()[pri:0, instance:rsa_Tests.DataDrivenTest@5e0826e7]" started-at="2023-04-23T21:41:40 IST" name="tearDown" finished-at="2023-04-23T21:41:40 IST" duration-ms="88" status="PASS">
          <reporter-output>
          </reporter-output>
        </test-method> <!-- tearDown -->
        <test-method is-config="true" signature="returnloginpage()[pri:0, instance:rsa_Tests.DataDrivenTest@5e0826e7]" started-at="2023-04-23T21:41:40 IST" name="returnloginpage" finished-at="2023-04-23T21:41:42 IST" duration-ms="2542" status="PASS">
          <reporter-output>
          </reporter-output>
        </test-method> <!-- returnloginpage -->
        <test-method signature="loginTest(java.lang.String,java.lang.String,java.lang.String,java.lang.String,java.lang.String,java.lang.String,java.lang.String)[pri:0, instance:rsa_Tests.DataDrivenTest@5e0826e7]" started-at="2023-04-23T21:41:42 IST" name="loginTest" data-provider="LoginData" finished-at="2023-04-23T21:41:43 IST" duration-ms="839" status="PASS">
          <params>
            <param index="0">
              <value>
                <![CDATA[Sachin]]>
              </value>
            </param>
            <param index="1">
              <value>
                <![CDATA[Tendulkar]]>
              </value>
            </param>
            <param index="2">
              <value>
                <![CDATA[st@bccci.com]]>
              </value>
            </param>
            <param index="3">
              <value>
                <![CDATA[4875457845]]>
              </value>
            </param>
            <param index="4">
              <value>
                <![CDATA[]]>
              </value>
            </param>
            <param index="5">
              <value>
                <![CDATA[Sachin@127]]>
              </value>
            </param>
            <param index="6">
              <value>
                <![CDATA[]]>
              </value>
            </param>
          </params>
          <reporter-output>
          </reporter-output>
        </test-method> <!-- loginTest -->
        <test-method is-config="true" signature="tearDown()[pri:0, instance:rsa_Tests.DataDrivenTest@5e0826e7]" started-at="2023-04-23T21:41:43 IST" name="tearDown" finished-at="2023-04-23T21:41:43 IST" duration-ms="76" status="PASS">
          <reporter-output>
          </reporter-output>
        </test-method> <!-- tearDown -->
        <test-method is-config="true" signature="returnloginpage()[pri:0, instance:rsa_Tests.DataDrivenTest@5e0826e7]" started-at="2023-04-23T21:41:43 IST" name="returnloginpage" finished-at="2023-04-23T21:41:45 IST" duration-ms="1320" status="PASS">
          <reporter-output>
          </reporter-output>
        </test-method> <!-- returnloginpage -->
        <test-method signature="loginTest(java.lang.String,java.lang.String,java.lang.String,java.lang.String,java.lang.String,java.lang.String,java.lang.String)[pri:0, instance:rsa_Tests.DataDrivenTest@5e0826e7]" started-at="2023-04-23T21:41:45 IST" name="loginTest" data-provider="LoginData" finished-at="2023-04-23T21:41:45 IST" duration-ms="844" status="PASS">
          <params>
            <param index="0">
              <value>
                <![CDATA[Sachin]]>
              </value>
            </param>
            <param index="1">
              <value>
                <![CDATA[Tendulkar]]>
              </value>
            </param>
            <param index="2">
              <value>
                <![CDATA[st@bccci.com]]>
              </value>
            </param>
            <param index="3">
              <value>
                <![CDATA[4875457845]]>
              </value>
            </param>
            <param index="4">
              <value>
                <![CDATA[Sachin@128]]>
              </value>
            </param>
            <param index="5">
              <value>
                <![CDATA[]]>
              </value>
            </param>
            <param index="6">
              <value>
                <![CDATA[]]>
              </value>
            </param>
          </params>
          <reporter-output>
          </reporter-output>
        </test-method> <!-- loginTest -->
        <test-method is-config="true" signature="tearDown()[pri:0, instance:rsa_Tests.DataDrivenTest@5e0826e7]" started-at="2023-04-23T21:41:45 IST" name="tearDown" finished-at="2023-04-23T21:41:45 IST" duration-ms="89" status="PASS">
          <reporter-output>
          </reporter-output>
        </test-method> <!-- tearDown -->
        <test-method is-config="true" signature="returnloginpage()[pri:0, instance:rsa_Tests.DataDrivenTest@5e0826e7]" started-at="2023-04-23T21:41:45 IST" name="returnloginpage" finished-at="2023-04-23T21:41:47 IST" duration-ms="1515" status="PASS">
          <reporter-output>
          </reporter-output>
        </test-method> <!-- returnloginpage -->
        <test-method signature="loginTest(java.lang.String,java.lang.String,java.lang.String,java.lang.String,java.lang.String,java.lang.String,java.lang.String)[pri:0, instance:rsa_Tests.DataDrivenTest@5e0826e7]" started-at="2023-04-23T21:41:47 IST" name="loginTest" data-provider="LoginData" finished-at="2023-04-23T21:41:48 IST" duration-ms="860" status="PASS">
          <params>
            <param index="0">
              <value>
                <![CDATA[Sachin]]>
              </value>
            </param>
            <param index="1">
              <value>
                <![CDATA[Tendulkar]]>
              </value>
            </param>
            <param index="2">
              <value>
                <![CDATA[st@bccci.com]]>
              </value>
            </param>
            <param index="3">
              <value>
                <![CDATA[4875457845]]>
              </value>
            </param>
            <param index="4">
              <value>
                <![CDATA[Sachin@128]]>
              </value>
            </param>
            <param index="5">
              <value>
                <![CDATA[Sachin@12]]>
              </value>
            </param>
            <param index="6">
              <value>
                <![CDATA[]]>
              </value>
            </param>
          </params>
          <reporter-output>
          </reporter-output>
        </test-method> <!-- loginTest -->
        <test-method is-config="true" signature="tearDown()[pri:0, instance:rsa_Tests.DataDrivenTest@5e0826e7]" started-at="2023-04-23T21:41:48 IST" name="tearDown" finished-at="2023-04-23T21:41:48 IST" duration-ms="60" status="PASS">
          <reporter-output>
          </reporter-output>
        </test-method> <!-- tearDown -->
        <test-method is-config="true" signature="returnloginpage()[pri:0, instance:rsa_Tests.DataDrivenTest@5e0826e7]" started-at="2023-04-23T21:41:48 IST" name="returnloginpage" finished-at="2023-04-23T21:41:50 IST" duration-ms="2421" status="PASS">
          <reporter-output>
          </reporter-output>
        </test-method> <!-- returnloginpage -->
        <test-method signature="loginTest(java.lang.String,java.lang.String,java.lang.String,java.lang.String,java.lang.String,java.lang.String,java.lang.String)[pri:0, instance:rsa_Tests.DataDrivenTest@5e0826e7]" started-at="2023-04-23T21:41:50 IST" name="loginTest" data-provider="LoginData" finished-at="2023-04-23T21:41:51 IST" duration-ms="866" status="PASS">
          <params>
            <param index="0">
              <value>
                <![CDATA[Sachin]]>
              </value>
            </param>
            <param index="1">
              <value>
                <![CDATA[Tendulkar]]>
              </value>
            </param>
            <param index="2">
              <value>
                <![CDATA[st@bccci.com]]>
              </value>
            </param>
            <param index="3">
              <value>
                <![CDATA[4875457845]]>
              </value>
            </param>
            <param index="4">
              <value>
                <![CDATA[Sachin@123]]>
              </value>
            </param>
            <param index="5">
              <value>
                <![CDATA[Sachin@123]]>
              </value>
            </param>
            <param index="6">
              <value>
                <![CDATA[]]>
              </value>
            </param>
          </params>
          <reporter-output>
          </reporter-output>
        </test-method> <!-- loginTest -->
        <test-method is-config="true" signature="tearDown()[pri:0, instance:rsa_Tests.DataDrivenTest@5e0826e7]" started-at="2023-04-23T21:41:51 IST" name="tearDown" finished-at="2023-04-23T21:41:51 IST" duration-ms="72" status="PASS">
          <reporter-output>
          </reporter-output>
        </test-method> <!-- tearDown -->
        <test-method is-config="true" signature="returnloginpage()[pri:0, instance:rsa_Tests.DataDrivenTest@5e0826e7]" started-at="2023-04-23T21:41:51 IST" name="returnloginpage" finished-at="2023-04-23T21:41:53 IST" duration-ms="1304" status="PASS">
          <reporter-output>
          </reporter-output>
        </test-method> <!-- returnloginpage -->
        <test-method signature="loginTest(java.lang.String,java.lang.String,java.lang.String,java.lang.String,java.lang.String,java.lang.String,java.lang.String)[pri:0, instance:rsa_Tests.DataDrivenTest@5e0826e7]" started-at="2023-04-23T21:41:53 IST" name="loginTest" data-provider="LoginData" finished-at="2023-04-23T21:41:53 IST" duration-ms="833" status="PASS">
          <params>
            <param index="0">
              <value>
                <![CDATA[Sachin]]>
              </value>
            </param>
            <param index="1">
              <value>
                <![CDATA[Tendulkar]]>
              </value>
            </param>
            <param index="2">
              <value>
                <![CDATA[st@bccci.com]]>
              </value>
            </param>
            <param index="3">
              <value>
                <![CDATA[4875457845]]>
              </value>
            </param>
            <param index="4">
              <value>
                <![CDATA[sachin]]>
              </value>
            </param>
            <param index="5">
              <value>
                <![CDATA[sachin]]>
              </value>
            </param>
            <param index="6">
              <value>
                <![CDATA[]]>
              </value>
            </param>
          </params>
          <reporter-output>
          </reporter-output>
        </test-method> <!-- loginTest -->
        <test-method is-config="true" signature="tearDown()[pri:0, instance:rsa_Tests.DataDrivenTest@5e0826e7]" started-at="2023-04-23T21:41:53 IST" name="tearDown" finished-at="2023-04-23T21:41:53 IST" duration-ms="71" status="PASS">
          <reporter-output>
          </reporter-output>
        </test-method> <!-- tearDown -->
        <test-method is-config="true" signature="returnloginpage()[pri:0, instance:rsa_Tests.DataDrivenTest@5e0826e7]" started-at="2023-04-23T21:41:53 IST" name="returnloginpage" finished-at="2023-04-23T21:41:55 IST" duration-ms="1333" status="PASS">
          <reporter-output>
          </reporter-output>
        </test-method> <!-- returnloginpage -->
        <test-method signature="loginTest(java.lang.String,java.lang.String,java.lang.String,java.lang.String,java.lang.String,java.lang.String,java.lang.String)[pri:0, instance:rsa_Tests.DataDrivenTest@5e0826e7]" started-at="2023-04-23T21:41:55 IST" name="loginTest" data-provider="LoginData" finished-at="2023-04-23T21:41:56 IST" duration-ms="823" status="PASS">
          <params>
            <param index="0">
              <value>
                <![CDATA[Sachin]]>
              </value>
            </param>
            <param index="1">
              <value>
                <![CDATA[Tendulkar]]>
              </value>
            </param>
            <param index="2">
              <value>
                <![CDATA[st@bccci.com]]>
              </value>
            </param>
            <param index="3">
              <value>
                <![CDATA[4875457845]]>
              </value>
            </param>
            <param index="4">
              <value>
                <![CDATA[sachin@1]]>
              </value>
            </param>
            <param index="5">
              <value>
                <![CDATA[sachin@1]]>
              </value>
            </param>
            <param index="6">
              <value>
                <![CDATA[]]>
              </value>
            </param>
          </params>
          <reporter-output>
          </reporter-output>
        </test-method> <!-- loginTest -->
        <test-method is-config="true" signature="tearDown()[pri:0, instance:rsa_Tests.DataDrivenTest@5e0826e7]" started-at="2023-04-23T21:41:56 IST" name="tearDown" finished-at="2023-04-23T21:41:56 IST" duration-ms="80" status="PASS">
          <reporter-output>
          </reporter-output>
        </test-method> <!-- tearDown -->
        <test-method is-config="true" signature="returnloginpage()[pri:0, instance:rsa_Tests.DataDrivenTest@5e0826e7]" started-at="2023-04-23T21:41:56 IST" name="returnloginpage" finished-at="2023-04-23T21:41:57 IST" duration-ms="1176" status="PASS">
          <reporter-output>
          </reporter-output>
        </test-method> <!-- returnloginpage -->
        <test-method signature="loginTest(java.lang.String,java.lang.String,java.lang.String,java.lang.String,java.lang.String,java.lang.String,java.lang.String)[pri:0, instance:rsa_Tests.DataDrivenTest@5e0826e7]" started-at="2023-04-23T21:41:57 IST" name="loginTest" data-provider="LoginData" finished-at="2023-04-23T21:41:58 IST" duration-ms="871" status="PASS">
          <params>
            <param index="0">
              <value>
                <![CDATA[Sachin]]>
              </value>
            </param>
            <param index="1">
              <value>
                <![CDATA[Tendulkar]]>
              </value>
            </param>
            <param index="2">
              <value>
                <![CDATA[st@bccci.com]]>
              </value>
            </param>
            <param index="3">
              <value>
                <![CDATA[4875457845]]>
              </value>
            </param>
            <param index="4">
              <value>
                <![CDATA[Sachin@123]]>
              </value>
            </param>
            <param index="5">
              <value>
                <![CDATA[Sachin@123]]>
              </value>
            </param>
            <param index="6">
              <value>
                <![CDATA[]]>
              </value>
            </param>
          </params>
          <reporter-output>
          </reporter-output>
        </test-method> <!-- loginTest -->
        <test-method is-config="true" signature="tearDown()[pri:0, instance:rsa_Tests.DataDrivenTest@5e0826e7]" started-at="2023-04-23T21:41:58 IST" name="tearDown" finished-at="2023-04-23T21:41:58 IST" duration-ms="49" status="PASS">
          <reporter-output>
          </reporter-output>
        </test-method> <!-- tearDown -->
      </class> <!-- rsa_Tests.DataDrivenTest -->
      <class name="rsa_Tests.StandAloneTest">
        <test-method is-config="true" signature="returnloginpage()[pri:0, instance:rsa_Tests.StandAloneTest@595b007d]" started-at="2023-04-23T21:42:06 IST" name="returnloginpage" finished-at="2023-04-23T21:42:09 IST" duration-ms="2474" status="PASS">
          <reporter-output>
          </reporter-output>
        </test-method> <!-- returnloginpage -->
        <test-method signature="standalone()[pri:0, instance:rsa_Tests.StandAloneTest@595b007d]" started-at="2023-04-23T21:42:09 IST" name="standalone" finished-at="2023-04-23T21:42:11 IST" duration-ms="1969" status="FAIL">
          <exception class="org.openqa.selenium.NoSuchElementException">
            <message>
              <![CDATA[no such element: Unable to locate element: {"method":"xpath","selector":"//ngx-spinner"}
  (Session info: chrome=112.0.5615.138)
For documentation on this error, please visit: https://selenium.dev/exceptions/#no_such_element
Build info: version: '4.8.3', revision: 'e5e76298c3'
System info: os.name: 'Windows 10', os.arch: 'amd64', os.version: '10.0', java.version: '17.0.7'
Driver info: org.openqa.selenium.chrome.ChromeDriver
Command: [5fe3ef425ec26ff3150617dd11c32cd2, findElement {using=xpath, value=//ngx-spinner}]
Capabilities {acceptInsecureCerts: false, browserName: chrome, browserVersion: 112.0.5615.138, chrome: {chromedriverVersion: 112.0.5615.49 (bd2a7bcb881c..., userDataDir: C:\Users\Dhoni\AppData\Loca...}, goog:chromeOptions: {debuggerAddress: localhost:62888}, networkConnectionEnabled: false, pageLoadStrategy: normal, platformName: WINDOWS, proxy: Proxy(), se:cdp: ws://localhost:62888/devtoo..., se:cdpVersion: 112.0.5615.138, setWindowRect: true, strictFileInteractability: false, timeouts: {implicit: 0, pageLoad: 300000, script: 30000}, unhandledPromptBehavior: dismiss and notify, webauthn:extension:credBlob: true, webauthn:extension:largeBlob: true, webauthn:extension:minPinLength: true, webauthn:extension:prf: true, webauthn:virtualAuthenticators: true}
Session ID: 5fe3ef425ec26ff3150617dd11c32cd2]]>
            </message>
            <full-stacktrace>
              <![CDATA[org.openqa.selenium.NoSuchElementException: no such element: Unable to locate element: {"method":"xpath","selector":"//ngx-spinner"}
  (Session info: chrome=112.0.5615.138)
For documentation on this error, please visit: https://selenium.dev/exceptions/#no_such_element
Build info: version: '4.8.3', revision: 'e5e76298c3'
System info: os.name: 'Windows 10', os.arch: 'amd64', os.version: '10.0', java.version: '17.0.7'
Driver info: org.openqa.selenium.chrome.ChromeDriver
Command: [5fe3ef425ec26ff3150617dd11c32cd2, findElement {using=xpath, value=//ngx-spinner}]
Capabilities {acceptInsecureCerts: false, browserName: chrome, browserVersion: 112.0.5615.138, chrome: {chromedriverVersion: 112.0.5615.49 (bd2a7bcb881c..., userDataDir: C:\Users\Dhoni\AppData\Loca...}, goog:chromeOptions: {debuggerAddress: localhost:62888}, networkConnectionEnabled: false, pageLoadStrategy: normal, platformName: WINDOWS, proxy: Proxy(), se:cdp: ws://localhost:62888/devtoo..., se:cdpVersion: 112.0.5615.138, setWindowRect: true, strictFileInteractability: false, timeouts: {implicit: 0, pageLoad: 300000, script: 30000}, unhandledPromptBehavior: dismiss and notify, webauthn:extension:credBlob: true, webauthn:extension:largeBlob: true, webauthn:extension:minPinLength: true, webauthn:extension:prf: true, webauthn:virtualAuthenticators: true}
Session ID: 5fe3ef425ec26ff3150617dd11c32cd2
at java.base/jdk.internal.reflect.NativeConstructorAccessorImpl.newInstance0(Native Method)
at java.base/jdk.internal.reflect.NativeConstructorAccessorImpl.newInstance(NativeConstructorAccessorImpl.java:77)
at java.base/jdk.internal.reflect.DelegatingConstructorAccessorImpl.newInstance(DelegatingConstructorAccessorImpl.java:45)
at java.base/java.lang.reflect.Constructor.newInstanceWithCaller(Constructor.java:499)
at java.base/java.lang.reflect.Constructor.newInstance(Constructor.java:480)
at org.openqa.selenium.remote.codec.w3c.W3CHttpResponseCodec.createException(W3CHttpResponseCodec.java:200)
at org.openqa.selenium.remote.codec.w3c.W3CHttpResponseCodec.decode(W3CHttpResponseCodec.java:133)
at org.openqa.selenium.remote.codec.w3c.W3CHttpResponseCodec.decode(W3CHttpResponseCodec.java:53)
at org.openqa.selenium.remote.HttpCommandExecutor.execute(HttpCommandExecutor.java:193)
at org.openqa.selenium.remote.service.DriverCommandExecutor.invokeExecute(DriverCommandExecutor.java:183)
at org.openqa.selenium.remote.service.DriverCommandExecutor.execute(DriverCommandExecutor.java:158)
at org.openqa.selenium.remote.RemoteWebDriver.execute(RemoteWebDriver.java:543)
at org.openqa.selenium.remote.ElementLocation$ElementFinder$2.findElement(ElementLocation.java:162)
at org.openqa.selenium.remote.ElementLocation.findElement(ElementLocation.java:60)
at org.openqa.selenium.remote.RemoteWebDriver.findElement(RemoteWebDriver.java:352)
at org.openqa.selenium.remote.RemoteWebDriver.findElement(RemoteWebDriver.java:344)
at rsa_Tests.StandAloneTest.standalone(StandAloneTest.java:101)
at java.base/jdk.internal.reflect.NativeMethodAccessorImpl.invoke0(Native Method)
at java.base/jdk.internal.reflect.NativeMethodAccessorImpl.invoke(NativeMethodAccessorImpl.java:77)
at java.base/jdk.internal.reflect.DelegatingMethodAccessorImpl.invoke(DelegatingMethodAccessorImpl.java:43)
at java.base/java.lang.reflect.Method.invoke(Method.java:568)
at org.testng.internal.invokers.MethodInvocationHelper.invokeMethod(MethodInvocationHelper.java:135)
at org.testng.internal.invokers.TestInvoker.invokeMethod(TestInvoker.java:673)
at org.testng.internal.invokers.TestInvoker.invokeTestMethod(TestInvoker.java:220)
at org.testng.internal.invokers.MethodRunner.runInSequence(MethodRunner.java:50)
at org.testng.internal.invokers.TestInvoker$MethodInvocationAgent.invoke(TestInvoker.java:945)
at org.testng.internal.invokers.TestInvoker.invokeTestMethods(TestInvoker.java:193)
at org.testng.internal.invokers.TestMethodWorker.invokeTestMethods(TestMethodWorker.java:146)
at org.testng.internal.invokers.TestMethodWorker.run(TestMethodWorker.java:128)
at java.base/java.util.ArrayList.forEach(ArrayList.java:1511)
at org.testng.TestRunner.privateRun(TestRunner.java:808)
at org.testng.TestRunner.run(TestRunner.java:603)
at org.testng.SuiteRunner.runTest(SuiteRunner.java:429)
at org.testng.SuiteRunner.runSequentially(SuiteRunner.java:423)
at org.testng.SuiteRunner.privateRun(SuiteRunner.java:383)
at org.testng.SuiteRunner.run(SuiteRunner.java:326)
at org.testng.SuiteRunnerWorker.runSuite(SuiteRunnerWorker.java:52)
at org.testng.SuiteRunnerWorker.run(SuiteRunnerWorker.java:95)
at org.testng.TestNG.runSuitesSequentially(TestNG.java:1249)
at org.testng.TestNG.runSuitesLocally(TestNG.java:1169)
at org.testng.TestNG.runSuites(TestNG.java:1092)
at org.testng.TestNG.run(TestNG.java:1060)
at org.apache.maven.surefire.testng.TestNGExecutor.run(TestNGExecutor.java:151)
at org.apache.maven.surefire.testng.TestNGDirectoryTestSuite.executeMulti(TestNGDirectoryTestSuite.java:192)
at org.apache.maven.surefire.testng.TestNGDirectoryTestSuite.execute(TestNGDirectoryTestSuite.java:93)
at org.apache.maven.surefire.testng.TestNGProvider.invoke(TestNGProvider.java:155)
at org.apache.maven.surefire.booter.ForkedBooter.runSuitesInProcess(ForkedBooter.java:456)
at org.apache.maven.surefire.booter.ForkedBooter.execute(ForkedBooter.java:169)
at org.apache.maven.surefire.booter.ForkedBooter.run(ForkedBooter.java:595)
at org.apache.maven.surefire.booter.ForkedBooter.main(ForkedBooter.java:581)
]]>
            </full-stacktrace>
          </exception> <!-- org.openqa.selenium.NoSuchElementException -->
          <reporter-output>
          </reporter-output>
        </test-method> <!-- standalone -->
        <test-method is-config="true" signature="tearDown()[pri:0, instance:rsa_Tests.StandAloneTest@595b007d]" started-at="2023-04-23T21:42:11 IST" name="tearDown" finished-at="2023-04-23T21:42:11 IST" duration-ms="29" status="PASS">
          <reporter-output>
          </reporter-output>
        </test-method> <!-- tearDown -->
      </class> <!-- rsa_Tests.StandAloneTest -->
      <class name="rsa_Tests.ErrorValidationsTest">
        <test-method is-config="true" signature="returnloginpage()[pri:0, instance:rsa_Tests.ErrorValidationsTest@5c5eefef]" started-at="2023-04-23T21:41:58 IST" name="returnloginpage" finished-at="2023-04-23T21:42:00 IST" duration-ms="2425" status="PASS">
          <reporter-output>
          </reporter-output>
        </test-method> <!-- returnloginpage -->
        <test-method signature="correctlogin()[pri:0, instance:rsa_Tests.ErrorValidationsTest@5c5eefef]" started-at="2023-04-23T21:42:00 IST" name="correctlogin" finished-at="2023-04-23T21:42:06 IST" duration-ms="5555" status="FAIL">
          <exception class="org.openqa.selenium.NoSuchElementException">
            <message>
              <![CDATA[no such element: Unable to locate element: {"method":"css selector","selector":"[aria-label='Login Successfully']"}
  (Session info: chrome=112.0.5615.138)
For documentation on this error, please visit: https://selenium.dev/exceptions/#no_such_element
Build info: version: '4.8.3', revision: 'e5e76298c3'
System info: os.name: 'Windows 10', os.arch: 'amd64', os.version: '10.0', java.version: '17.0.7'
Driver info: org.openqa.selenium.chrome.ChromeDriver
Command: [ffe2e02306e1657e63fb6001060b2cdb, findElement {using=css selector, value=[aria-label='Login Successfully']}]
Capabilities {acceptInsecureCerts: false, browserName: chrome, browserVersion: 112.0.5615.138, chrome: {chromedriverVersion: 112.0.5615.49 (bd2a7bcb881c..., userDataDir: C:\Users\Dhoni\AppData\Loca...}, goog:chromeOptions: {debuggerAddress: localhost:62849}, networkConnectionEnabled: false, pageLoadStrategy: normal, platformName: WINDOWS, proxy: Proxy(), se:cdp: ws://localhost:62849/devtoo..., se:cdpVersion: 112.0.5615.138, setWindowRect: true, strictFileInteractability: false, timeouts: {implicit: 0, pageLoad: 300000, script: 30000}, unhandledPromptBehavior: dismiss and notify, webauthn:extension:credBlob: true, webauthn:extension:largeBlob: true, webauthn:extension:minPinLength: true, webauthn:extension:prf: true, webauthn:virtualAuthenticators: true}
Session ID: ffe2e02306e1657e63fb6001060b2cdb]]>
            </message>
            <full-stacktrace>
              <![CDATA[org.openqa.selenium.NoSuchElementException: no such element: Unable to locate element: {"method":"css selector","selector":"[aria-label='Login Successfully']"}
  (Session info: chrome=112.0.5615.138)
For documentation on this error, please visit: https://selenium.dev/exceptions/#no_such_element
Build info: version: '4.8.3', revision: 'e5e76298c3'
System info: os.name: 'Windows 10', os.arch: 'amd64', os.version: '10.0', java.version: '17.0.7'
Driver info: org.openqa.selenium.chrome.ChromeDriver
Command: [ffe2e02306e1657e63fb6001060b2cdb, findElement {using=css selector, value=[aria-label='Login Successfully']}]
Capabilities {acceptInsecureCerts: false, browserName: chrome, browserVersion: 112.0.5615.138, chrome: {chromedriverVersion: 112.0.5615.49 (bd2a7bcb881c..., userDataDir: C:\Users\Dhoni\AppData\Loca...}, goog:chromeOptions: {debuggerAddress: localhost:62849}, networkConnectionEnabled: false, pageLoadStrategy: normal, platformName: WINDOWS, proxy: Proxy(), se:cdp: ws://localhost:62849/devtoo..., se:cdpVersion: 112.0.5615.138, setWindowRect: true, strictFileInteractability: false, timeouts: {implicit: 0, pageLoad: 300000, script: 30000}, unhandledPromptBehavior: dismiss and notify, webauthn:extension:credBlob: true, webauthn:extension:largeBlob: true, webauthn:extension:minPinLength: true, webauthn:extension:prf: true, webauthn:virtualAuthenticators: true}
Session ID: ffe2e02306e1657e63fb6001060b2cdb
at java.base/jdk.internal.reflect.NativeConstructorAccessorImpl.newInstance0(Native Method)
at java.base/jdk.internal.reflect.NativeConstructorAccessorImpl.newInstance(NativeConstructorAccessorImpl.java:77)
at java.base/jdk.internal.reflect.DelegatingConstructorAccessorImpl.newInstance(DelegatingConstructorAccessorImpl.java:45)
at java.base/java.lang.reflect.Constructor.newInstanceWithCaller(Constructor.java:499)
at java.base/java.lang.reflect.Constructor.newInstance(Constructor.java:480)
at org.openqa.selenium.remote.codec.w3c.W3CHttpResponseCodec.createException(W3CHttpResponseCodec.java:200)
at org.openqa.selenium.remote.codec.w3c.W3CHttpResponseCodec.decode(W3CHttpResponseCodec.java:133)
at org.openqa.selenium.remote.codec.w3c.W3CHttpResponseCodec.decode(W3CHttpResponseCodec.java:53)
at org.openqa.selenium.remote.HttpCommandExecutor.execute(HttpCommandExecutor.java:193)
at org.openqa.selenium.remote.service.DriverCommandExecutor.invokeExecute(DriverCommandExecutor.java:183)
at org.openqa.selenium.remote.service.DriverCommandExecutor.execute(DriverCommandExecutor.java:158)
at org.openqa.selenium.remote.RemoteWebDriver.execute(RemoteWebDriver.java:543)
at org.openqa.selenium.remote.ElementLocation$ElementFinder$2.findElement(ElementLocation.java:162)
at org.openqa.selenium.remote.ElementLocation.findElement(ElementLocation.java:60)
at org.openqa.selenium.remote.RemoteWebDriver.findElement(RemoteWebDriver.java:352)
at org.openqa.selenium.remote.RemoteWebDriver.findElement(RemoteWebDriver.java:344)
at org.openqa.selenium.support.pagefactory.DefaultElementLocator.findElement(DefaultElementLocator.java:70)
at org.openqa.selenium.support.pagefactory.internal.LocatingElementHandler.invoke(LocatingElementHandler.java:39)
at jdk.proxy2/jdk.proxy2.$Proxy16.getText(Unknown Source)
at rsa_PageObjects.DashboardPage.loginassert(DashboardPage.java:46)
at rsa_Tests.ErrorValidationsTest.correctlogin(ErrorValidationsTest.java:29)
at java.base/jdk.internal.reflect.NativeMethodAccessorImpl.invoke0(Native Method)
at java.base/jdk.internal.reflect.NativeMethodAccessorImpl.invoke(NativeMethodAccessorImpl.java:77)
at java.base/jdk.internal.reflect.DelegatingMethodAccessorImpl.invoke(DelegatingMethodAccessorImpl.java:43)
at java.base/java.lang.reflect.Method.invoke(Method.java:568)
at org.testng.internal.invokers.MethodInvocationHelper.invokeMethod(MethodInvocationHelper.java:135)
at org.testng.internal.invokers.TestInvoker.invokeMethod(TestInvoker.java:673)
at org.testng.internal.invokers.TestInvoker.invokeTestMethod(TestInvoker.java:220)
at org.testng.internal.invokers.MethodRunner.runInSequence(MethodRunner.java:50)
at org.testng.internal.invokers.TestInvoker$MethodInvocationAgent.invoke(TestInvoker.java:945)
at org.testng.internal.invokers.TestInvoker.invokeTestMethods(TestInvoker.java:193)
at org.testng.internal.invokers.TestMethodWorker.invokeTestMethods(TestMethodWorker.java:146)
at org.testng.internal.invokers.TestMethodWorker.run(TestMethodWorker.java:128)
at java.base/java.util.ArrayList.forEach(ArrayList.java:1511)
at org.testng.TestRunner.privateRun(TestRunner.java:808)
at org.testng.TestRunner.run(TestRunner.java:603)
at org.testng.SuiteRunner.runTest(SuiteRunner.java:429)
at org.testng.SuiteRunner.runSequentially(SuiteRunner.java:423)
at org.testng.SuiteRunner.privateRun(SuiteRunner.java:383)
at org.testng.SuiteRunner.run(SuiteRunner.java:326)
at org.testng.SuiteRunnerWorker.runSuite(SuiteRunnerWorker.java:52)
at org.testng.SuiteRunnerWorker.run(SuiteRunnerWorker.java:95)
at org.testng.TestNG.runSuitesSequentially(TestNG.java:1249)
at org.testng.TestNG.runSuitesLocally(TestNG.java:1169)
at org.testng.TestNG.runSuites(TestNG.java:1092)
at org.testng.TestNG.run(TestNG.java:1060)
at org.apache.maven.surefire.testng.TestNGExecutor.run(TestNGExecutor.java:151)
at org.apache.maven.surefire.testng.TestNGDirectoryTestSuite.executeMulti(TestNGDirectoryTestSuite.java:192)
at org.apache.maven.surefire.testng.TestNGDirectoryTestSuite.execute(TestNGDirectoryTestSuite.java:93)
at org.apache.maven.surefire.testng.TestNGProvider.invoke(TestNGProvider.java:155)
at org.apache.maven.surefire.booter.ForkedBooter.runSuitesInProcess(ForkedBooter.java:456)
at org.apache.maven.surefire.booter.ForkedBooter.execute(ForkedBooter.java:169)
at org.apache.maven.surefire.booter.ForkedBooter.run(ForkedBooter.java:595)
at org.apache.maven.surefire.booter.ForkedBooter.main(ForkedBooter.java:581)
]]>
            </full-stacktrace>
          </exception> <!-- org.openqa.selenium.NoSuchElementException -->
          <reporter-output>
          </reporter-output>
        </test-method> <!-- correctlogin -->
        <test-method is-config="true" signature="tearDown()[pri:0, instance:rsa_Tests.ErrorValidationsTest@5c5eefef]" started-at="2023-04-23T21:42:06 IST" name="tearDown" finished-at="2023-04-23T21:42:06 IST" duration-ms="79" status="PASS">
          <reporter-output>
          </reporter-output>
        </test-method> <!-- tearDown -->
      </class> <!-- rsa_Tests.ErrorValidationsTest -->
    </test> <!-- Surefire test -->
  </suite> <!-- Surefire suite -->
</testng-results>
